build/app/intermediates/manifest_merge_blame_file/debug/manifest-merger-blame-debug-report.txt
1<?xml version="1.0" encoding="utf-8"?>
2<manifest xmlns:android="http://schemas.android.com/apk/res/android"
3    package="com.example.parkinsons_app"
4    android:versionCode="1"
5    android:versionName="1.0.0" >
6
7    <uses-sdk
8        android:minSdkVersion="21"
9        android:targetSdkVersion="31" />
10    <!--
11         Flutter needs it to communicate with the running application
12         to allow setting breakpoints, to provide hot reload, etc.
13    -->
14    <uses-permission android:name="android.permission.INTERNET" />
14-->src/debug/AndroidManifest.xml:6:5-66
14-->src/debug/AndroidManifest.xml:6:22-64
15    <uses-permission android:name="android.permission.RECORD_AUDIO" />
15-->src/main/AndroidManifest.xml:3:5-70
15-->src/main/AndroidManifest.xml:3:22-68
16    <uses-permission android:name="android.permission.WRITE_EXTERNAL_STORAGE" />
16-->src/main/AndroidManifest.xml:4:5-80
16-->src/main/AndroidManifest.xml:4:22-78
17    <uses-permission android:name="android.permission.FOREGROUND_SERVICE" />
17-->src/main/AndroidManifest.xml:5:5-77
17-->src/main/AndroidManifest.xml:5:22-74
18    <uses-permission android:name="android.permission.ACTIVITY_RECOGNITION" /> <!-- 读取权限 -->
18-->src/main/AndroidManifest.xml:6:5-79
18-->src/main/AndroidManifest.xml:6:22-76
19    <uses-permission android:name="android.permission.READ_EXTERNAL_STORAGE" /> <!-- 保持进程在休眠时从屏幕消失 -->
19-->[:record_mp3] AndroidManifest.xml:8:5-80
19-->[:record_mp3] AndroidManifest.xml:8:22-77
20    <uses-permission android:name="android.permission.WAKE_LOCK" /> <!-- 允许程序修改全局音频设置 -->
20-->[:record_mp3] AndroidManifest.xml:12:5-68
20-->[:record_mp3] AndroidManifest.xml:12:22-65
21    <uses-permission android:name="android.permission.MODIFY_AUDIO_SETTINGS" />
21-->[:record_mp3] AndroidManifest.xml:18:5-80
21-->[:record_mp3] AndroidManifest.xml:18:22-77
22    <uses-permission android:name="android.permission.ACCESS_NETWORK_STATE" />
22-->[com.google.android.gms:play-services-measurement-api:19.0.0] AndroidManifest.xml:23:5-79
22-->[com.google.android.gms:play-services-measurement-api:19.0.0] AndroidManifest.xml:23:22-76
23    <uses-permission android:name="android.permission.BLUETOOTH" />
23-->[com.github.canardoux:flutter_sound_core:8.5.0] AndroidManifest.xml:11:5-68
23-->[com.github.canardoux:flutter_sound_core:8.5.0] AndroidManifest.xml:11:22-65
24    <uses-permission android:name="com.google.android.finsky.permission.BIND_GET_INSTALL_REFERRER_SERVICE" />
24-->[com.google.android.gms:play-services-measurement:19.0.0] AndroidManifest.xml:26:5-110
24-->[com.google.android.gms:play-services-measurement:19.0.0] AndroidManifest.xml:26:22-107
25
26    <application
26-->src/main/AndroidManifest.xml:9:5-49:19
27        android:appComponentFactory="androidx.core.app.CoreComponentFactory"
27-->[androidx.core:core:1.6.0] AndroidManifest.xml:24:18-86
28        android:debuggable="true"
29        android:icon="@mipmap/ic_launcher"
29-->src/main/AndroidManifest.xml:11:9-43
30        android:label="纽蓝"
30-->src/main/AndroidManifest.xml:10:9-27
31        android:requestLegacyExternalStorage="true" >
31-->src/main/AndroidManifest.xml:12:9-52
32        <activity
32-->src/main/AndroidManifest.xml:14:9-43:20
33            android:name="com.example.parkinsons_app.MainActivity"
33-->src/main/AndroidManifest.xml:15:13-41
34            android:configChanges="orientation|keyboardHidden|keyboard|screenSize|smallestScreenSize|locale|layoutDirection|fontScale|screenLayout|density|uiMode"
34-->src/main/AndroidManifest.xml:19:13-163
35            android:exported="true"
35-->src/main/AndroidManifest.xml:16:13-36
36            android:hardwareAccelerated="true"
36-->src/main/AndroidManifest.xml:20:13-47
37            android:launchMode="singleTop"
37-->src/main/AndroidManifest.xml:17:13-43
38            android:theme="@style/LaunchTheme"
38-->src/main/AndroidManifest.xml:18:13-47
39            android:windowSoftInputMode="adjustResize" >
39-->src/main/AndroidManifest.xml:21:13-55
40
41            <!--
42                 Specifies an Android theme to apply to this Activity as soon as
43                 the Android process has started. This theme is visible to the user
44                 while the Flutter UI initializes. After that, this theme continues
45                 to determine the Window background behind the Flutter UI.
46            -->
47            <meta-data
47-->src/main/AndroidManifest.xml:26:13-29:17
48                android:name="io.flutter.embedding.android.NormalTheme"
48-->src/main/AndroidManifest.xml:27:15-70
49                android:resource="@style/NormalTheme" />
49-->src/main/AndroidManifest.xml:28:15-52
50            <!--
51                 Displays an Android View that continues showing the launch screen
52                 Drawable until Flutter paints its first frame, then this splash
53                 screen fades out. A splash screen is useful to avoid any visual
54                 gap between the end of Android's launch screen and the painting of
55                 Flutter's first frame.
56            -->
57            <meta-data
57-->src/main/AndroidManifest.xml:35:13-38:17
58                android:name="io.flutter.embedding.android.SplashScreenDrawable"
58-->src/main/AndroidManifest.xml:36:15-79
59                android:resource="@drawable/launch_background" />
59-->src/main/AndroidManifest.xml:37:15-61
60
61            <intent-filter>
61-->src/main/AndroidManifest.xml:39:13-42:29
62                <action android:name="android.intent.action.MAIN" />
62-->src/main/AndroidManifest.xml:40:17-68
62-->src/main/AndroidManifest.xml:40:25-66
63
64                <category android:name="android.intent.category.LAUNCHER" />
64-->src/main/AndroidManifest.xml:41:17-76
64-->src/main/AndroidManifest.xml:41:27-74
65            </intent-filter>
66        </activity>
67        <!--
68             Don't delete the meta-data below.
69             This is used by the Flutter tool to generate GeneratedPluginRegistrant.java
70        -->
71        <meta-data
71-->src/main/AndroidManifest.xml:46:9-48:33
72            android:name="flutterEmbedding"
72-->src/main/AndroidManifest.xml:47:13-44
73            android:value="2" />
73-->src/main/AndroidManifest.xml:48:13-30
74
75        <activity
75-->[:amplify_analytics_pinpoint] AndroidManifest.xml:8:9-10:40
76            android:name="com.amazonaws.amplify.amplify_analytics_pinpoint.EmptyActivity"
76-->[:amplify_analytics_pinpoint] AndroidManifest.xml:9:13-90
77            android:exported="false" />
77-->[:amplify_analytics_pinpoint] AndroidManifest.xml:10:13-37
78
79        <provider
79-->[:image_picker_android] AndroidManifest.xml:8:9-16:20
80            android:name="io.flutter.plugins.imagepicker.ImagePickerFileProvider"
80-->[:image_picker_android] AndroidManifest.xml:9:13-82
81            android:authorities="com.example.parkinsons_app.flutter.image_provider"
81-->[:image_picker_android] AndroidManifest.xml:10:13-74
82            android:exported="false"
82-->[:image_picker_android] AndroidManifest.xml:11:13-37
83            android:grantUriPermissions="true" >
83-->[:image_picker_android] AndroidManifest.xml:12:13-47
84            <meta-data
84-->[:image_picker_android] AndroidManifest.xml:13:13-15:75
85                android:name="android.support.FILE_PROVIDER_PATHS"
85-->[:image_picker_android] AndroidManifest.xml:14:17-67
86                android:resource="@xml/flutter_image_picker_file_paths" />
86-->[:image_picker_android] AndroidManifest.xml:15:17-72
87        </provider>
88
89        <uses-library
89-->[androidx.window:window:1.0.0-beta04] AndroidManifest.xml:25:9-27:40
90            android:name="androidx.window.extensions"
90-->[androidx.window:window:1.0.0-beta04] AndroidManifest.xml:26:13-54
91            android:required="false" />
91-->[androidx.window:window:1.0.0-beta04] AndroidManifest.xml:27:13-37
92        <uses-library
92-->[androidx.window:window:1.0.0-beta04] AndroidManifest.xml:28:9-30:40
93            android:name="androidx.window.sidecar"
93-->[androidx.window:window:1.0.0-beta04] AndroidManifest.xml:29:13-51
94            android:required="false" />
94-->[androidx.window:window:1.0.0-beta04] AndroidManifest.xml:30:13-37
95
96        <service
96-->[com.amplifyframework:aws-storage-s3:1.28.3-rc] AndroidManifest.xml:25:9-27:38
97            android:name="com.amazonaws.mobileconnectors.s3.transferutility.TransferService"
97-->[com.amplifyframework:aws-storage-s3:1.28.3-rc] AndroidManifest.xml:26:13-93
98            android:enabled="true" />
98-->[com.amplifyframework:aws-storage-s3:1.28.3-rc] AndroidManifest.xml:27:13-35
99
100        <activity
100-->[com.amplifyframework:core:1.28.3-rc] AndroidManifest.xml:27:9-29:54
101            android:name="com.amplifyframework.devmenu.DeveloperMenuActivity"
101-->[com.amplifyframework:core:1.28.3-rc] AndroidManifest.xml:28:13-78
102            android:theme="@style/OverlayActivity" />
102-->[com.amplifyframework:core:1.28.3-rc] AndroidManifest.xml:29:13-51
103
104        <service
104-->[com.google.android.gms:play-services-measurement-api:19.0.0] AndroidManifest.xml:27:9-33:19
105            android:name="com.google.firebase.components.ComponentDiscoveryService"
105-->[com.google.android.gms:play-services-measurement-api:19.0.0] AndroidManifest.xml:28:13-84
106            android:directBootAware="true"
106-->[com.google.firebase:firebase-common:20.0.0] AndroidManifest.xml:35:13-43
107            android:exported="false" >
107-->[com.google.android.gms:play-services-measurement-api:19.0.0] AndroidManifest.xml:29:13-37
108            <meta-data
108-->[com.google.android.gms:play-services-measurement-api:19.0.0] AndroidManifest.xml:30:13-32:85
109                android:name="com.google.firebase.components:com.google.firebase.analytics.connector.internal.AnalyticsConnectorRegistrar"
109-->[com.google.android.gms:play-services-measurement-api:19.0.0] AndroidManifest.xml:31:17-139
110                android:value="com.google.firebase.components.ComponentRegistrar" />
110-->[com.google.android.gms:play-services-measurement-api:19.0.0] AndroidManifest.xml:32:17-82
111            <meta-data
111-->[com.google.firebase:firebase-installations:17.0.0] AndroidManifest.xml:18:13-20:85
112                android:name="com.google.firebase.components:com.google.firebase.installations.FirebaseInstallationsRegistrar"
112-->[com.google.firebase:firebase-installations:17.0.0] AndroidManifest.xml:19:17-127
113                android:value="com.google.firebase.components.ComponentRegistrar" />
113-->[com.google.firebase:firebase-installations:17.0.0] AndroidManifest.xml:20:17-82
114        </service>
115
116        <provider
116-->[com.google.firebase:firebase-common:20.0.0] AndroidManifest.xml:26:9-31:39
117            android:name="com.google.firebase.provider.FirebaseInitProvider"
117-->[com.google.firebase:firebase-common:20.0.0] AndroidManifest.xml:27:13-77
118            android:authorities="com.example.parkinsons_app.firebaseinitprovider"
118-->[com.google.firebase:firebase-common:20.0.0] AndroidManifest.xml:28:13-72
119            android:directBootAware="true"
119-->[com.google.firebase:firebase-common:20.0.0] AndroidManifest.xml:29:13-43
120            android:exported="false"
120-->[com.google.firebase:firebase-common:20.0.0] AndroidManifest.xml:30:13-37
121            android:initOrder="100" />
121-->[com.google.firebase:firebase-common:20.0.0] AndroidManifest.xml:31:13-36
122
123        <activity
123-->[com.amazonaws:aws-android-sdk-cognitoauth:2.34.0] AndroidManifest.xml:12:9-16:75
124            android:name="com.amazonaws.mobileconnectors.cognitoauth.activities.CustomTabsManagerActivity"
124-->[com.amazonaws:aws-android-sdk-cognitoauth:2.34.0] AndroidManifest.xml:13:13-107
125            android:exported="false"
125-->[com.amazonaws:aws-android-sdk-cognitoauth:2.34.0] AndroidManifest.xml:14:13-37
126            android:launchMode="singleTask"
126-->[com.amazonaws:aws-android-sdk-cognitoauth:2.34.0] AndroidManifest.xml:15:13-44
127            android:theme="@android:style/Theme.Translucent.NoTitleBar" />
127-->[com.amazonaws:aws-android-sdk-cognitoauth:2.34.0] AndroidManifest.xml:16:13-72
128
129        <uses-library
129-->[com.amazonaws:aws-android-sdk-core:2.34.0] AndroidManifest.xml:11:9-13:40
130            android:name="org.apache.http.legacy"
130-->[com.amazonaws:aws-android-sdk-core:2.34.0] AndroidManifest.xml:12:13-50
131            android:required="false" />
131-->[com.amazonaws:aws-android-sdk-core:2.34.0] AndroidManifest.xml:13:13-37
132
133        <receiver
133-->[com.github.canardoux:flutter_sound_core:8.5.0] AndroidManifest.xml:16:9-23:20
134            android:name="androidx.media.session.MediaButtonReceiver"
134-->[com.github.canardoux:flutter_sound_core:8.5.0] AndroidManifest.xml:17:13-70
135            android:exported="true" >
135-->[com.github.canardoux:flutter_sound_core:8.5.0] AndroidManifest.xml:18:13-36
136            <intent-filter>
136-->[com.github.canardoux:flutter_sound_core:8.5.0] AndroidManifest.xml:19:13-22:29
137                <action android:name="android.intent.action.MEDIA_BUTTON" />
137-->[com.github.canardoux:flutter_sound_core:8.5.0] AndroidManifest.xml:20:17-77
137-->[com.github.canardoux:flutter_sound_core:8.5.0] AndroidManifest.xml:20:25-74
138                <action android:name="android.media.AUDIO_BECOMING_NOISY" />
138-->[com.github.canardoux:flutter_sound_core:8.5.0] AndroidManifest.xml:21:17-77
138-->[com.github.canardoux:flutter_sound_core:8.5.0] AndroidManifest.xml:21:25-74
139            </intent-filter>
140        </receiver>
141
142        <service
142-->[com.github.canardoux:flutter_sound_core:8.5.0] AndroidManifest.xml:25:9-33:19
143            android:name="com.dooboolab.TauEngine.FlautoBackgroundAudioService"
143-->[com.github.canardoux:flutter_sound_core:8.5.0] AndroidManifest.xml:26:13-80
144            android:exported="true" >
144-->[com.github.canardoux:flutter_sound_core:8.5.0] AndroidManifest.xml:27:13-36
145            <intent-filter>
145-->[com.github.canardoux:flutter_sound_core:8.5.0] AndroidManifest.xml:28:13-32:29
146                <action android:name="android.intent.action.MEDIA_BUTTON" />
146-->[com.github.canardoux:flutter_sound_core:8.5.0] AndroidManifest.xml:20:17-77
146-->[com.github.canardoux:flutter_sound_core:8.5.0] AndroidManifest.xml:20:25-74
147                <action android:name="android.media.AUDIO_BECOMING_NOISY" />
147-->[com.github.canardoux:flutter_sound_core:8.5.0] AndroidManifest.xml:21:17-77
147-->[com.github.canardoux:flutter_sound_core:8.5.0] AndroidManifest.xml:21:25-74
148                <action android:name="android.media.browse.FlautoMediaBrowserService" />
148-->[com.github.canardoux:flutter_sound_core:8.5.0] AndroidManifest.xml:31:17-89
148-->[com.github.canardoux:flutter_sound_core:8.5.0] AndroidManifest.xml:31:25-86
149            </intent-filter>
150        </service>
151
152        <receiver
152-->[com.google.android.gms:play-services-measurement:19.0.0] AndroidManifest.xml:29:9-33:20
153            android:name="com.google.android.gms.measurement.AppMeasurementReceiver"
153-->[com.google.android.gms:play-services-measurement:19.0.0] AndroidManifest.xml:30:13-85
154            android:enabled="true"
154-->[com.google.android.gms:play-services-measurement:19.0.0] AndroidManifest.xml:31:13-35
155            android:exported="false" >
155-->[com.google.android.gms:play-services-measurement:19.0.0] AndroidManifest.xml:32:13-37
156        </receiver>
157
158        <service
158-->[com.google.android.gms:play-services-measurement:19.0.0] AndroidManifest.xml:35:9-38:40
159            android:name="com.google.android.gms.measurement.AppMeasurementService"
159-->[com.google.android.gms:play-services-measurement:19.0.0] AndroidManifest.xml:36:13-84
160            android:enabled="true"
160-->[com.google.android.gms:play-services-measurement:19.0.0] AndroidManifest.xml:37:13-35
161            android:exported="false" />
161-->[com.google.android.gms:play-services-measurement:19.0.0] AndroidManifest.xml:38:13-37
162        <service
162-->[com.google.android.gms:play-services-measurement:19.0.0] AndroidManifest.xml:39:9-43:72
163            android:name="com.google.android.gms.measurement.AppMeasurementJobService"
163-->[com.google.android.gms:play-services-measurement:19.0.0] AndroidManifest.xml:40:13-87
164            android:enabled="true"
164-->[com.google.android.gms:play-services-measurement:19.0.0] AndroidManifest.xml:41:13-35
165            android:exported="false"
165-->[com.google.android.gms:play-services-measurement:19.0.0] AndroidManifest.xml:42:13-37
166            android:permission="android.permission.BIND_JOB_SERVICE" />
166-->[com.google.android.gms:play-services-measurement:19.0.0] AndroidManifest.xml:43:13-69
167
168        <meta-data
168-->[com.google.android.gms:play-services-basement:17.0.0] AndroidManifest.xml:23:9-25:69
169            android:name="com.google.android.gms.version"
169-->[com.google.android.gms:play-services-basement:17.0.0] AndroidManifest.xml:24:13-58
170            android:value="@integer/google_play_services_version" /> <!-- The activities will be merged into the manifest of the hosting app. -->
170-->[com.google.android.gms:play-services-basement:17.0.0] AndroidManifest.xml:25:13-66
171        <activity
171-->[com.google.android.play:core:1.9.1] AndroidManifest.xml:12:5-271
172            android:name="com.google.android.play.core.missingsplits.PlayCoreMissingSplitsActivity"
172-->[com.google.android.play:core:1.9.1] AndroidManifest.xml:12:15-102
173            android:enabled="false"
173-->[com.google.android.play:core:1.9.1] AndroidManifest.xml:12:103-126
174            android:exported="false"
174-->[com.google.android.play:core:1.9.1] AndroidManifest.xml:12:127-151
175            android:launchMode="singleInstance"
175-->[com.google.android.play:core:1.9.1] AndroidManifest.xml:12:204-239
176            android:process=":playcore_missing_splits_activity"
176-->[com.google.android.play:core:1.9.1] AndroidManifest.xml:12:152-203
177            android:stateNotNeeded="true" />
177-->[com.google.android.play:core:1.9.1] AndroidManifest.xml:12:240-269
178        <activity
178-->[com.google.android.play:core:1.9.1] AndroidManifest.xml:13:5-226
179            android:name="com.google.android.play.core.common.PlayCoreDialogWrapperActivity"
179-->[com.google.android.play:core:1.9.1] AndroidManifest.xml:13:15-95
180            android:enabled="false"
180-->[com.google.android.play:core:1.9.1] AndroidManifest.xml:13:96-119
181            android:exported="false"
181-->[com.google.android.play:core:1.9.1] AndroidManifest.xml:13:120-144
182            android:stateNotNeeded="true"
182-->[com.google.android.play:core:1.9.1] AndroidManifest.xml:13:145-174
183            android:theme="@style/Theme.PlayCore.Transparent" /> <!-- The services will be merged into the manifest of the hosting app. -->
183-->[com.google.android.play:core:1.9.1] AndroidManifest.xml:13:175-224
184        <service
184-->[com.google.android.play:core:1.9.1] AndroidManifest.xml:16:5-18:15
185            android:name="com.google.android.play.core.assetpacks.AssetPackExtractionService"
185-->[com.google.android.play:core:1.9.1] AndroidManifest.xml:16:14-95
186            android:enabled="false"
186-->[com.google.android.play:core:1.9.1] AndroidManifest.xml:16:96-119
187            android:exported="true" >
187-->[com.google.android.play:core:1.9.1] AndroidManifest.xml:16:120-143
188            <meta-data
188-->[com.google.android.play:core:1.9.1] AndroidManifest.xml:17:7-108
189                android:name="com.google.android.play.core.assetpacks.versionCode"
189-->[com.google.android.play:core:1.9.1] AndroidManifest.xml:17:18-84
190                android:value="10901" />
190-->[com.google.android.play:core:1.9.1] AndroidManifest.xml:17:85-106
191        </service>
192        <service
192-->[com.google.android.play:core:1.9.1] AndroidManifest.xml:19:5-147
193            android:name="com.google.android.play.core.assetpacks.ExtractionForegroundService"
193-->[com.google.android.play:core:1.9.1] AndroidManifest.xml:19:14-96
194            android:enabled="false"
194-->[com.google.android.play:core:1.9.1] AndroidManifest.xml:19:97-120
195            android:exported="false" />
195-->[com.google.android.play:core:1.9.1] AndroidManifest.xml:19:121-145
196    </application>
197
198</manifest>